[17-Sep-2018 07:31:26 UTC] PHP Warning:  call_user_func() expects parameter 1 to be a valid callback, function 'wporg_field_name_cb' not found or invalid function name in C:\xampp\htdocs\WP\basevalue\wp-admin\includes\template.php on line 1388
[17-Sep-2018 08:59:53 UTC] PHP Parse error:  syntax error, unexpected ';' in C:\xampp\htdocs\WP\basevalue\wp-content\plugins\faqplagin\faqplugin.php on line 237
[17-Sep-2018 09:00:54 UTC] PHP Parse error:  syntax error, unexpected ';' in C:\xampp\htdocs\WP\basevalue\wp-content\plugins\faqplagin\faqplugin.php on line 237
[17-Sep-2018 09:02:55 UTC] PHP Parse error:  syntax error, unexpected ';' in C:\xampp\htdocs\WP\basevalue\wp-content\plugins\faqplagin\faqplugin.php on line 237
[17-Sep-2018 09:21:04 UTC] PHP Notice:  Undefined index: wporg_field_places[] in C:\xampp\htdocs\WP\basevalue\wp-content\plugins\faqplagin\faqplugin.php on line 242
[17-Sep-2018 09:21:04 UTC] PHP Notice:  Undefined index: wporg_field_places[] in C:\xampp\htdocs\WP\basevalue\wp-content\plugins\faqplagin\faqplugin.php on line 243
[17-Sep-2018 09:21:21 UTC] PHP Notice:  Undefined index: wporg_field_places[] in C:\xampp\htdocs\WP\basevalue\wp-content\plugins\faqplagin\faqplugin.php on line 242
[17-Sep-2018 09:21:21 UTC] PHP Notice:  Undefined index: wporg_field_places[] in C:\xampp\htdocs\WP\basevalue\wp-content\plugins\faqplagin\faqplugin.php on line 243
[17-Sep-2018 09:21:25 UTC] PHP Notice:  Undefined index: wporg_field_places[] in C:\xampp\htdocs\WP\basevalue\wp-content\plugins\faqplagin\faqplugin.php on line 242
[17-Sep-2018 09:21:25 UTC] PHP Notice:  Undefined index: wporg_field_places[] in C:\xampp\htdocs\WP\basevalue\wp-content\plugins\faqplagin\faqplugin.php on line 243
[17-Sep-2018 09:21:30 UTC] PHP Notice:  Undefined index: wporg_field_places[] in C:\xampp\htdocs\WP\basevalue\wp-content\plugins\faqplagin\faqplugin.php on line 242
[17-Sep-2018 09:21:30 UTC] PHP Notice:  Undefined index: wporg_field_places[] in C:\xampp\htdocs\WP\basevalue\wp-content\plugins\faqplagin\faqplugin.php on line 243
[17-Sep-2018 09:21:35 UTC] PHP Notice:  Undefined index: wporg_field_places[] in C:\xampp\htdocs\WP\basevalue\wp-content\plugins\faqplagin\faqplugin.php on line 242
[17-Sep-2018 09:21:35 UTC] PHP Notice:  Undefined index: wporg_field_places[] in C:\xampp\htdocs\WP\basevalue\wp-content\plugins\faqplagin\faqplugin.php on line 243
[17-Sep-2018 09:22:04 UTC] PHP Notice:  Undefined index: wporg_field_places[] in C:\xampp\htdocs\WP\basevalue\wp-content\plugins\faqplagin\faqplugin.php on line 242
[17-Sep-2018 09:22:04 UTC] PHP Notice:  Undefined index: wporg_field_places[] in C:\xampp\htdocs\WP\basevalue\wp-content\plugins\faqplagin\faqplugin.php on line 243
[17-Sep-2018 09:22:09 UTC] PHP Notice:  Undefined index: wporg_field_places[] in C:\xampp\htdocs\WP\basevalue\wp-content\plugins\faqplagin\faqplugin.php on line 242
[17-Sep-2018 09:22:09 UTC] PHP Notice:  Undefined index: wporg_field_places[] in C:\xampp\htdocs\WP\basevalue\wp-content\plugins\faqplagin\faqplugin.php on line 243
[17-Sep-2018 09:25:22 UTC] PHP Notice:  Undefined index: label_for in C:\xampp\htdocs\WP\basevalue\wp-content\plugins\faqplagin\faqplugin.php on line 238
[17-Sep-2018 09:25:22 UTC] PHP Notice:  Undefined index: label_for in C:\xampp\htdocs\WP\basevalue\wp-content\plugins\faqplagin\faqplugin.php on line 238
[17-Sep-2018 09:25:22 UTC] PHP Notice:  Undefined index:  in C:\xampp\htdocs\WP\basevalue\wp-content\plugins\faqplagin\faqplugin.php on line 238
[17-Sep-2018 09:25:22 UTC] PHP Notice:  Undefined index: label_for in C:\xampp\htdocs\WP\basevalue\wp-content\plugins\faqplagin\faqplugin.php on line 239
[17-Sep-2018 09:25:22 UTC] PHP Notice:  Undefined index: label_for in C:\xampp\htdocs\WP\basevalue\wp-content\plugins\faqplagin\faqplugin.php on line 239
[17-Sep-2018 09:25:22 UTC] PHP Notice:  Undefined index:  in C:\xampp\htdocs\WP\basevalue\wp-content\plugins\faqplagin\faqplugin.php on line 239
[17-Sep-2018 09:25:25 UTC] PHP Notice:  Undefined index: label_for in C:\xampp\htdocs\WP\basevalue\wp-content\plugins\faqplagin\faqplugin.php on line 238
[17-Sep-2018 09:25:25 UTC] PHP Notice:  Undefined index: label_for in C:\xampp\htdocs\WP\basevalue\wp-content\plugins\faqplagin\faqplugin.php on line 238
[17-Sep-2018 09:25:25 UTC] PHP Notice:  Undefined index:  in C:\xampp\htdocs\WP\basevalue\wp-content\plugins\faqplagin\faqplugin.php on line 238
[17-Sep-2018 09:25:25 UTC] PHP Notice:  Undefined index: label_for in C:\xampp\htdocs\WP\basevalue\wp-content\plugins\faqplagin\faqplugin.php on line 239
[17-Sep-2018 09:25:25 UTC] PHP Notice:  Undefined index: label_for in C:\xampp\htdocs\WP\basevalue\wp-content\plugins\faqplagin\faqplugin.php on line 239
[17-Sep-2018 09:25:25 UTC] PHP Notice:  Undefined index:  in C:\xampp\htdocs\WP\basevalue\wp-content\plugins\faqplagin\faqplugin.php on line 239
[17-Sep-2018 09:25:53 UTC] PHP Notice:  Undefined index: label_for in C:\xampp\htdocs\WP\basevalue\wp-content\plugins\faqplagin\faqplugin.php on line 238
[17-Sep-2018 09:25:53 UTC] PHP Notice:  Undefined index: label_for in C:\xampp\htdocs\WP\basevalue\wp-content\plugins\faqplagin\faqplugin.php on line 238
[17-Sep-2018 09:25:53 UTC] PHP Notice:  Undefined index:  in C:\xampp\htdocs\WP\basevalue\wp-content\plugins\faqplagin\faqplugin.php on line 238
[17-Sep-2018 09:25:53 UTC] PHP Notice:  Undefined index: label_for in C:\xampp\htdocs\WP\basevalue\wp-content\plugins\faqplagin\faqplugin.php on line 239
[17-Sep-2018 09:25:53 UTC] PHP Notice:  Undefined index: label_for in C:\xampp\htdocs\WP\basevalue\wp-content\plugins\faqplagin\faqplugin.php on line 239
[17-Sep-2018 09:25:53 UTC] PHP Notice:  Undefined index:  in C:\xampp\htdocs\WP\basevalue\wp-content\plugins\faqplagin\faqplugin.php on line 239
[17-Sep-2018 09:26:08 UTC] PHP Notice:  Undefined index: label_for in C:\xampp\htdocs\WP\basevalue\wp-content\plugins\faqplagin\faqplugin.php on line 238
[17-Sep-2018 09:26:08 UTC] PHP Notice:  Undefined index: label_for in C:\xampp\htdocs\WP\basevalue\wp-content\plugins\faqplagin\faqplugin.php on line 238
[17-Sep-2018 09:26:08 UTC] PHP Notice:  Undefined index:  in C:\xampp\htdocs\WP\basevalue\wp-content\plugins\faqplagin\faqplugin.php on line 238
[17-Sep-2018 09:26:08 UTC] PHP Notice:  Undefined index: label_for in C:\xampp\htdocs\WP\basevalue\wp-content\plugins\faqplagin\faqplugin.php on line 239
[17-Sep-2018 09:26:08 UTC] PHP Notice:  Undefined index: label_for in C:\xampp\htdocs\WP\basevalue\wp-content\plugins\faqplagin\faqplugin.php on line 239
[17-Sep-2018 09:26:08 UTC] PHP Notice:  Undefined index:  in C:\xampp\htdocs\WP\basevalue\wp-content\plugins\faqplagin\faqplugin.php on line 239
[17-Sep-2018 09:26:11 UTC] PHP Notice:  Undefined index: label_for in C:\xampp\htdocs\WP\basevalue\wp-content\plugins\faqplagin\faqplugin.php on line 238
[17-Sep-2018 09:26:11 UTC] PHP Notice:  Undefined index: label_for in C:\xampp\htdocs\WP\basevalue\wp-content\plugins\faqplagin\faqplugin.php on line 238
[17-Sep-2018 09:26:11 UTC] PHP Notice:  Undefined index:  in C:\xampp\htdocs\WP\basevalue\wp-content\plugins\faqplagin\faqplugin.php on line 238
[17-Sep-2018 09:26:11 UTC] PHP Notice:  Undefined index: label_for in C:\xampp\htdocs\WP\basevalue\wp-content\plugins\faqplagin\faqplugin.php on line 239
[17-Sep-2018 09:26:11 UTC] PHP Notice:  Undefined index: label_for in C:\xampp\htdocs\WP\basevalue\wp-content\plugins\faqplagin\faqplugin.php on line 239
[17-Sep-2018 09:26:11 UTC] PHP Notice:  Undefined index:  in C:\xampp\htdocs\WP\basevalue\wp-content\plugins\faqplagin\faqplugin.php on line 239
[17-Sep-2018 09:26:35 UTC] PHP Notice:  Undefined index: label_for in C:\xampp\htdocs\WP\basevalue\wp-content\plugins\faqplagin\faqplugin.php on line 238
[17-Sep-2018 09:26:35 UTC] PHP Notice:  Undefined index: label_for in C:\xampp\htdocs\WP\basevalue\wp-content\plugins\faqplagin\faqplugin.php on line 238
[17-Sep-2018 09:26:35 UTC] PHP Notice:  Undefined index:  in C:\xampp\htdocs\WP\basevalue\wp-content\plugins\faqplagin\faqplugin.php on line 238
[17-Sep-2018 09:26:35 UTC] PHP Notice:  Undefined index: label_for in C:\xampp\htdocs\WP\basevalue\wp-content\plugins\faqplagin\faqplugin.php on line 239
[17-Sep-2018 09:26:35 UTC] PHP Notice:  Undefined index: label_for in C:\xampp\htdocs\WP\basevalue\wp-content\plugins\faqplagin\faqplugin.php on line 239
[17-Sep-2018 09:26:35 UTC] PHP Notice:  Undefined index:  in C:\xampp\htdocs\WP\basevalue\wp-content\plugins\faqplagin\faqplugin.php on line 239
[17-Sep-2018 09:29:28 UTC] PHP Notice:  Undefined index: checkbox_example in C:\xampp\htdocs\WP\basevalue\wp-content\plugins\faqplagin\faqplugin.php on line 238
[17-Sep-2018 10:18:22 UTC] PHP Notice:  Undefined index: label_for in C:\xampp\htdocs\WP\basevalue\wp-content\plugins\faqplagin\faqplugin.php on line 255
[17-Sep-2018 10:18:22 UTC] PHP Notice:  Undefined index: wporg_custom_data in C:\xampp\htdocs\WP\basevalue\wp-content\plugins\faqplagin\faqplugin.php on line 256
[17-Sep-2018 10:18:22 UTC] PHP Notice:  Undefined index: label_for in C:\xampp\htdocs\WP\basevalue\wp-content\plugins\faqplagin\faqplugin.php on line 257
[17-Sep-2018 10:18:22 UTC] PHP Notice:  Undefined index: label_for in C:\xampp\htdocs\WP\basevalue\wp-content\plugins\faqplagin\faqplugin.php on line 258
[17-Sep-2018 10:18:26 UTC] PHP Notice:  Undefined index: label_for in C:\xampp\htdocs\WP\basevalue\wp-content\plugins\faqplagin\faqplugin.php on line 255
[17-Sep-2018 10:18:26 UTC] PHP Notice:  Undefined index: wporg_custom_data in C:\xampp\htdocs\WP\basevalue\wp-content\plugins\faqplagin\faqplugin.php on line 256
[17-Sep-2018 10:18:26 UTC] PHP Notice:  Undefined index: label_for in C:\xampp\htdocs\WP\basevalue\wp-content\plugins\faqplagin\faqplugin.php on line 257
[17-Sep-2018 10:18:27 UTC] PHP Notice:  Undefined index: label_for in C:\xampp\htdocs\WP\basevalue\wp-content\plugins\faqplagin\faqplugin.php on line 258
[17-Sep-2018 10:18:37 UTC] PHP Notice:  Undefined index: label_for in C:\xampp\htdocs\WP\basevalue\wp-content\plugins\faqplagin\faqplugin.php on line 255
[17-Sep-2018 10:18:37 UTC] PHP Notice:  Undefined index: wporg_custom_data in C:\xampp\htdocs\WP\basevalue\wp-content\plugins\faqplagin\faqplugin.php on line 256
[17-Sep-2018 10:18:37 UTC] PHP Notice:  Undefined index: label_for in C:\xampp\htdocs\WP\basevalue\wp-content\plugins\faqplagin\faqplugin.php on line 257
[17-Sep-2018 10:18:37 UTC] PHP Notice:  Undefined index: label_for in C:\xampp\htdocs\WP\basevalue\wp-content\plugins\faqplagin\faqplugin.php on line 258
[17-Sep-2018 10:18:41 UTC] PHP Notice:  Undefined index: label_for in C:\xampp\htdocs\WP\basevalue\wp-content\plugins\faqplagin\faqplugin.php on line 255
[17-Sep-2018 10:18:41 UTC] PHP Notice:  Undefined index: wporg_custom_data in C:\xampp\htdocs\WP\basevalue\wp-content\plugins\faqplagin\faqplugin.php on line 256
[17-Sep-2018 10:18:41 UTC] PHP Notice:  Undefined index: label_for in C:\xampp\htdocs\WP\basevalue\wp-content\plugins\faqplagin\faqplugin.php on line 257
[17-Sep-2018 10:18:41 UTC] PHP Notice:  Undefined index: label_for in C:\xampp\htdocs\WP\basevalue\wp-content\plugins\faqplagin\faqplugin.php on line 258
[17-Sep-2018 10:18:45 UTC] PHP Notice:  Undefined index: label_for in C:\xampp\htdocs\WP\basevalue\wp-content\plugins\faqplagin\faqplugin.php on line 255
[17-Sep-2018 10:18:45 UTC] PHP Notice:  Undefined index: wporg_custom_data in C:\xampp\htdocs\WP\basevalue\wp-content\plugins\faqplagin\faqplugin.php on line 256
[17-Sep-2018 10:18:45 UTC] PHP Notice:  Undefined index: label_for in C:\xampp\htdocs\WP\basevalue\wp-content\plugins\faqplagin\faqplugin.php on line 257
[17-Sep-2018 10:18:45 UTC] PHP Notice:  Undefined index: label_for in C:\xampp\htdocs\WP\basevalue\wp-content\plugins\faqplagin\faqplugin.php on line 258
[17-Sep-2018 10:18:49 UTC] PHP Notice:  Undefined index: label_for in C:\xampp\htdocs\WP\basevalue\wp-content\plugins\faqplagin\faqplugin.php on line 255
[17-Sep-2018 10:18:49 UTC] PHP Notice:  Undefined index: wporg_custom_data in C:\xampp\htdocs\WP\basevalue\wp-content\plugins\faqplagin\faqplugin.php on line 256
[17-Sep-2018 10:18:49 UTC] PHP Notice:  Undefined index: label_for in C:\xampp\htdocs\WP\basevalue\wp-content\plugins\faqplagin\faqplugin.php on line 257
[17-Sep-2018 10:18:49 UTC] PHP Notice:  Undefined index: label_for in C:\xampp\htdocs\WP\basevalue\wp-content\plugins\faqplagin\faqplugin.php on line 258
[17-Sep-2018 10:28:31 UTC] PHP Notice:  Undefined index: label_for in C:\xampp\htdocs\WP\basevalue\wp-content\plugins\faqplagin\faqplugin.php on line 255
[17-Sep-2018 10:28:31 UTC] PHP Notice:  Undefined index: wporg_custom_data in C:\xampp\htdocs\WP\basevalue\wp-content\plugins\faqplagin\faqplugin.php on line 256
[17-Sep-2018 10:28:31 UTC] PHP Notice:  Undefined index: label_for in C:\xampp\htdocs\WP\basevalue\wp-content\plugins\faqplagin\faqplugin.php on line 257
[17-Sep-2018 10:39:03 UTC] PHP Notice:  Undefined index: postlink in C:\xampp\htdocs\WP\basevalue\wp-content\plugins\faqplagin\faqplugin.php on line 265
[17-Sep-2018 10:39:03 UTC] PHP Notice:  Undefined index: postlink in C:\xampp\htdocs\WP\basevalue\wp-content\plugins\faqplagin\faqplugin.php on line 267
[17-Sep-2018 11:02:22 UTC] PHP Notice:  Undefined index: postlink in C:\xampp\htdocs\WP\basevalue\wp-content\plugins\faqplagin\faqplugin.php on line 267
[17-Sep-2018 11:02:45 UTC] PHP Notice:  Undefined index: wporg_field_places in C:\xampp\htdocs\WP\basevalue\wp-content\plugins\faqplagin\faqplugin.php on line 267
[17-Sep-2018 11:04:07 UTC] PHP Notice:  Undefined index: wporg_field_places in C:\xampp\htdocs\WP\basevalue\wp-content\plugins\faqplagin\faqplugin.php on line 266
[17-Sep-2018 11:04:07 UTC] PHP Notice:  Undefined index: wporg_field_places in C:\xampp\htdocs\WP\basevalue\wp-content\plugins\faqplagin\faqplugin.php on line 267
[17-Sep-2018 11:04:09 UTC] PHP Notice:  Undefined index: wporg_field_places in C:\xampp\htdocs\WP\basevalue\wp-content\plugins\faqplagin\faqplugin.php on line 266
[17-Sep-2018 11:04:09 UTC] PHP Notice:  Undefined index: wporg_field_places in C:\xampp\htdocs\WP\basevalue\wp-content\plugins\faqplagin\faqplugin.php on line 267
[17-Sep-2018 11:08:08 UTC] PHP Notice:  Undefined index: wporg_field_places in C:\xampp\htdocs\WP\basevalue\wp-content\plugins\faqplagin\faqplugin.php on line 266
[17-Sep-2018 11:08:11 UTC] PHP Notice:  Undefined index: wporg_field_places in C:\xampp\htdocs\WP\basevalue\wp-content\plugins\faqplagin\faqplugin.php on line 266
[17-Sep-2018 11:08:28 UTC] PHP Notice:  Undefined index: wporg_field_places in C:\xampp\htdocs\WP\basevalue\wp-content\plugins\faqplagin\faqplugin.php on line 266
[17-Sep-2018 11:09:23 UTC] PHP Notice:  Undefined index: wporg_field_places in C:\xampp\htdocs\WP\basevalue\wp-content\plugins\faqplagin\faqplugin.php on line 266
[17-Sep-2018 11:54:33 UTC] PHP Warning:  in_array() expects parameter 2 to be array, string given in C:\xampp\htdocs\WP\basevalue\wp-content\plugins\faqplagin\faqplugin.php on line 254
